<?xml version="1.0" encoding="UTF-8"?>
<testsuite name="Lesson1Test" tests="1" skipped="0" failures="0" errors="0" timestamp="2019-09-24T09:23:09" hostname="Barss" time="3.938">
  <properties/>
  <testcase name="myFirstTest" classname="Lesson1Test" time="3.938"/>
  <system-out><![CDATA[]]></system-out>
  <system-err><![CDATA[Starting ChromeDriver 76.0.3809.100 (ed9d447d30203dc5069e540f05079e493fc1c132-refs/branch-heads/3809@{#990}) on port 15783
Only local connections are allowed.
Please protect ports used by ChromeDriver and related test frameworks to prevent access by malicious code.
Sep 24, 2019 11:23:10 AM org.openqa.selenium.remote.ProtocolHandshake createSession
INFO: Detected dialect: W3C
]]></system-err>
</testsuite>
