<?xml version="1.0" encoding="UTF-8"?>
<testsuite name="HomeWork7Test" tests="1" skipped="0" failures="0" errors="0" timestamp="2019-10-08T19:13:27" hostname="Barss" time="5.155">
  <properties/>
  <testcase name="myFirstTest" classname="HomeWork7Test" time="5.155"/>
  <system-out><![CDATA[http://localhost/litecart/admin/?app=appearance&doc=template
http://localhost/litecart/admin/?app=catalog&doc=catalog
http://localhost/litecart/admin/?app=countries&doc=countries
http://localhost/litecart/admin/?app=currencies&doc=currencies
http://localhost/litecart/admin/?app=customers&doc=customers
http://localhost/litecart/admin/?app=geo_zones&doc=geo_zones
http://localhost/litecart/admin/?app=languages&doc=languages
http://localhost/litecart/admin/?app=modules&doc=jobs
http://localhost/litecart/admin/?app=orders&doc=orders
http://localhost/litecart/admin/?app=pages&doc=pages
http://localhost/litecart/admin/?app=reports&doc=monthly_sales
http://localhost/litecart/admin/?app=settings&doc=store_info
http://localhost/litecart/admin/?app=slides&doc=slides
http://localhost/litecart/admin/?app=tax&doc=tax_classes
http://localhost/litecart/admin/?app=translations&doc=search
http://localhost/litecart/admin/?app=users&doc=users
http://localhost/litecart/admin/?app=vqmods&doc=vqmods
]]></system-out>
  <system-err><![CDATA[Starting ChromeDriver 76.0.3809.100 (ed9d447d30203dc5069e540f05079e493fc1c132-refs/branch-heads/3809@{#990}) on port 22647
Only local connections are allowed.
Please protect ports used by ChromeDriver and related test frameworks to prevent access by malicious code.
Oct 08, 2019 9:13:28 PM org.openqa.selenium.remote.ProtocolHandshake createSession
INFO: Detected dialect: W3C
]]></system-err>
</testsuite>
