<?xml version="1.0" encoding="UTF-8"?>
<testsuite name="HomeWork8Test" tests="1" skipped="0" failures="0" errors="0" timestamp="2019-10-08T20:03:21" hostname="Barss" time="1.84">
  <properties/>
  <testcase name="myFirstTest" classname="HomeWork8Test" time="1.84"/>
  <system-out><![CDATA[]]></system-out>
  <system-err><![CDATA[Starting ChromeDriver 76.0.3809.100 (ed9d447d30203dc5069e540f05079e493fc1c132-refs/branch-heads/3809@{#990}) on port 7633
Only local connections are allowed.
Please protect ports used by ChromeDriver and related test frameworks to prevent access by malicious code.
Oct 08, 2019 10:03:22 PM org.openqa.selenium.remote.ProtocolHandshake createSession
INFO: Detected dialect: W3C
]]></system-err>
</testsuite>
